Content - Tours: PFCE62 has been updated successfully!
Content - Tours: PZWBGX has been updated successfully!
Content - Tours: PD5112 has been updated successfully!
Content - Tours: PC3818 has been updated successfully!
Content - Tours: PKUMS1 has been updated successfully!
Content - Tours: P29AFD has been updated successfully!
Content - Tours: P1MPFR has been updated successfully!
Content - Tours: PD6B12 has been updated successfully!
Content - Tours: PBC3C7 has been updated successfully!
Content - Tours: P10952 has been updated successfully!
Content - Tours: P0VPLS has been updated successfully!
Content - Tours: P62731 has been updated successfully!
Content - Tours: PD54AB has been updated successfully!
Content - Tours: PSO3E0 has been updated successfully!
Content - Tours: PC07AE has been updated successfully!
Content - Tours: P1RLKQ has been updated successfully!
Content - Tours: P89CAB has been updated successfully!
Content - Tours: PB7126 has been updated successfully!
Content - Tours: PW4YB0 has been updated successfully!
Content - Tours: PCMVUR has been updated successfully!
Content - Tours: PP0MLT has been updated successfully!
Content - Tours: PGQVVA has been updated successfully!
Content - Tours: PMEVGH has been updated successfully!
Content - Tours: PRAABV has been updated successfully!
Content - Tours: PE9S7G has been updated successfully!
Content - Tours: PK071R has been updated successfully!
Content - Tours: P9UWFQ has been updated successfully!
Content - Tours: PMZHNA has been updated successfully!
Content - Tours: P2A32D has been updated successfully!
Content - Tours: PNE0MX has been updated successfully!
Content - Tours: PKHVL0 has been updated successfully!
Content - Tours: PUFEXS has been updated successfully!
Content - Tours: PQ1QCM has been updated successfully!
Content - Tours: PCGD5T has been updated successfully!
Content - Tours: P2101K has been updated successfully!
Content - Tours: P0ZB94 has been updated successfully!
Content - Tours: PDF205 has been updated successfully!
Content - Tours: PK3UNL has been updated successfully!
Content - Tours: PG1K3V has been updated successfully!
Content - Tours: P59DBB has been updated successfully!
Content - Tours: PVQS1A has been updated successfully!
Content - Tours: PPGP8N has been updated successfully!
Content - Tours: PW17GV has been updated successfully!
Content - Tours: PU2RJ0 has been updated successfully!
Content - Tours: PSQRL3 has been updated successfully!
Content - Tours: PZQPFN has been updated successfully!
Content - Tours: PCFBR8 has been updated successfully!
Content - Tours: PEARGK has been updated successfully!
Content - Tours: PSVES0 has been updated successfully!
Content - Tours: PBCYR7 has been updated successfully!
Content - Tours: PG2UMC has been updated successfully!
Content - Tours: PUTQKP has been updated successfully!
Content - Tours: PDSTVP has been updated successfully!
Content - Tours: PZTGF2 has been updated successfully!
Content - Tours: PFPAKG has been updated successfully!
Content - Tours: PUMSEP has been updated successfully!
Content - Tours: P5R0TQ has been updated successfully!
Content - Tours: PFL2D0 has been updated successfully!
Content - Tours: PJ0JV4 has been updated successfully!
Content - Tours: PKS9Z5 has been updated successfully!
Content - Tours: PHQ6BZ has been updated successfully!
Content - Tours: PDF258 has been updated successfully!
Content - Tours: PKLA4C has been updated successfully!
Content - Tours: PEP2TR has been updated successfully!
Content - Tours: PMS0V4 has been updated successfully!
Content - Tours: PV1DXB has been updated successfully!
Content - Tours: P9SJLQ has been updated successfully!
Content - Tours: PAKVNV has been updated successfully!
Content - Tours: P7V5FV has been updated successfully!
Content - Tours: PVTSRX has been updated successfully!
Content - Tours: PWGVEK has been updated successfully!
Content - Tours: PEMAN8 has been updated successfully!
Content - Tours: PN21YM has been updated successfully!
Content - Tours: P11TPK has been updated successfully!
Content - Tours: P9WN2N has been updated successfully!
Content - Tours: PQ6B1B has been updated successfully!
Content - Tours: PW8HJW has been updated successfully!
Content - Tours: PSCQUL has been updated successfully!
Content - Tours: P1R9CF has been updated successfully!
Content - Tours: P0KLC0 has been updated successfully!
Content - Tours: PA06AQ has been updated successfully!
Content - Tours: PXCTVD has been updated successfully!
Content - Tours: PGNA88 has been updated successfully!
Content - Tours: PAM74W has been updated successfully!
Content - Tours: P7KP8U has been updated successfully!
Content - Tours: PFHU1L has been updated successfully!
Content - Tours: PLZC06 has been updated successfully!
Content - Tours: PFD8Q4 has been updated successfully!
Content - Tours: PXAJ2S has been updated successfully!
Content - Tours: PGT6EN has been updated successfully!
Content - Tours: PEQ7VM has been updated successfully!
Content - Tours: P3JRTS has been updated successfully!
Content - Tours: PNR1CW has been updated successfully!
Content - Tours: P1GQYH has been updated successfully!
Content - Tours: PXJC5G has been updated successfully!
Content - Tours: PFVMWC has been updated successfully!
Content - Tours: PK0HSS has been updated successfully!
Content - Tours: PGTRMN has been updated successfully!
Content - Tours: PEDWTR has been updated successfully!
Content - Tours: PHXPD4 has been updated successfully!
Content - Tours: PAC1XP has been updated successfully!
Content - Tours: PPCRCT has been updated successfully!
Content - Tours: PELTF0 has been updated successfully!
Content - Tours: P1BFZ1 has been updated successfully!
Content - Tours: PBL59H has been updated successfully!
Content - Tours: PUZ0PS has been updated successfully!
Content - Tours: P0UU0D has been updated successfully!
Content - Tours: PJ0MNA has been updated successfully!
Content - Tours: PRF1G1 has been updated successfully!
Content - Tours: PZ1KJ1 has been updated successfully!
Content - Tours: P0GL6K has been updated successfully!
Content - Tours: PZJ7VK has been updated successfully!
Content - Tours: PEAC3J has been updated successfully!
Content - Tours: PENN3J has been updated successfully!
Content - Tours: PCCM4L has been updated successfully!
Content - Tours: PRF8AS has been updated successfully!
Content - Tours: PC91M9 has been updated successfully!
Content - Tours: PSDTK2 has been updated successfully!
Content - Tours: PSAD4E has been updated successfully!
Content - Tours: PAYAYR has been updated successfully!
Content - Tours: PRG0XK has been updated successfully!
Content - Tours: PJGJSA has been updated successfully!
Content - Tours: PU1PZQ has been updated successfully!
Content - Tours: PBXUDK has been updated successfully!
Content - Tours: PJJWUN has been updated successfully!
Content - Tours: PYS0H9 has been updated successfully!
Content - Tours: P01JCE has been updated successfully!
Content - Tours: PYVXS0 has been updated successfully!
Content - Tours: PEU0SM has been updated successfully!
Content - Tours: PJLESE has been updated successfully!
Content - Tours: PUSLF6 has been updated successfully!
Content - Tours: PZ0Y4E has been updated successfully!
Content - Tours: PAQ03M has been updated successfully!
Content - Tours: PI2UWZ has been updated successfully!
Content - Tours: P4ABJ6 has been updated successfully!
Content - Tours: PA2YIS has been updated successfully!
Content - Tours: P7RLQR has been updated successfully!
Content - Tours: PFUHF9 has been updated successfully!
Content - Tours: PBCUBV has been updated successfully!
Content - Tours: P0YGRM has been updated successfully!
Content - Tours: PG2KZZ has been updated successfully!
Content - Tours: PRHT6W has been updated successfully!
Content - Tours: PENJJ4 has been updated successfully!
Content - Tours: P5DQ51 has been updated successfully!
Content - Tours: P5VXD9 has been updated successfully!
Content - Tours: PZZ2EB has been updated successfully!
Content - Tours: PZZA5X has been updated successfully!
Content - Tours: PAGZ8W has been updated successfully!
Content - Tours: PX115Z has been updated successfully!
Content - Tours: P0B0RS has been updated successfully!
Content - Tours: PQRGD9 has been updated successfully!
Content - Tours: PPBMTL has been updated successfully!
Content - Tours: P3BYHY has been updated successfully!
Content - Tours: PRXA4A has been updated successfully!
Content - Tours: PJN80H has been updated successfully!
Content - Tours: POO3B8 has been updated successfully!
Content - Tours: P1JJC9 has been updated successfully!
Content - Tours: PLHHWJ has been updated successfully!
Content - Tours: P1Y17J has been updated successfully!
Content - Tours: P51TBY has been updated successfully!
Content - Tours: PK0MYE has been updated successfully!
Content - Tours: PT3NNF has been updated successfully!
Content - Tours: PVV7QS has been updated successfully!
Content - Tours: PP5C1X has been updated successfully!
Content - Tours: PZN2L0 has been updated successfully!
Content - Tours: PTU1GT has been updated successfully!
Content - Tours: P60YJV has been updated successfully!
Content - Tours: PCDFJU has been updated successfully!
Content - Tours: P3UAPY has been updated successfully!
Content - Tours: PBMVBM has been updated successfully!
Content - Tours: PZAUDS has been updated successfully!
Content - Tours: PUDJCR has been updated successfully!
Content - Tours: P3PTQR has been updated successfully!
Content - Tours: PRPFFX has been updated successfully!
Content - Tours: PVU1UF has been updated successfully!
Content - Tours: PCEZWT has been updated successfully!
Content - Tours: P4ZJC8 has been updated successfully!
Content - Tours: PVOMBG has been updated successfully!
Content - Tours: PHVUVL has been updated successfully!
Content - Tours: PQ0DEF has been updated successfully!
Content - Tours: PHS0CS has been updated successfully!
Content - Tours: PXFX0X has been updated successfully!
Content - Tours: P83ZSR has been updated successfully!
Content - Tours: PKHNUE has been updated successfully!
Content - Tours: PD9EZT has been updated successfully!
Content - Tours: PE4X4C has been updated successfully!
Content - Tours: PMKNVK has been updated successfully!
Content - Tours: PEJ6EX has been updated successfully!
Content - Tours: PNKJBH has been updated successfully!
Content - Tours: PZDM9D has been updated successfully!
Content - Tours: PLLB4J has been updated successfully!
Content - Tours: PNTGZP has been updated successfully!
Content - Tours: P1WXWE has been updated successfully!
Content - Tours: PNTF0D has been updated successfully!
Content - Tours: PBJSJ5 has been updated successfully!
Content - Tours: PUL79D has been updated successfully!
Content - Tours: PCYPKO has been updated successfully!
Content - Tours: PJXH7S has been updated successfully!
Content - Tours: PMGT9Y has been updated successfully!
Content - Tours: PUVHLH has been updated successfully!
Content - Tours: PGDCMX has been updated successfully!
Content - Tours: PQC7CQ has been updated successfully!
Content - Tours: PLYIIQ has been updated successfully!
Content - Tours: PEJAHT has been updated successfully!
Content - Tours: PW3G1U has been updated successfully!
Content - Tours: P9JC4Q has been updated successfully!
Content - Tours: PL19GE has been updated successfully!
Content - Tours: PHWQ8E has been updated successfully!
Content - Tours: P9B3PR has been updated successfully!
Content - Tours: PSTF0V has been updated successfully!
